\BOOKMARK [1][-]{section.1}{\376\377\000I\000n\000t\000r\000o\000d\000u\000c\000t\000i\000o\000n}{}% 1
\BOOKMARK [1][-]{section.2}{\376\377\000M\000a\000t\000e\000r\000i\000a\000l\000s\000\040\000a\000n\000d\000\040\000M\000e\000t\000h\000o\000d\000s}{}% 2
\BOOKMARK [2][-]{subsection.2.1}{\376\377\000H\000a\000r\000d\000w\000a\000r\000e}{section.2}% 3
\BOOKMARK [3][-]{subsubsection.2.1.1}{\376\377\000A\000r\000d\000u\000i\000n\000o}{subsection.2.1}% 4
\BOOKMARK [3][-]{subsubsection.2.1.2}{\376\377\000E\000x\000t\000e\000r\000n\000a\000l\000\040\000P\000o\000w\000e\000r\000\040\000S\000u\000p\000p\000l\000y}{subsection.2.1}% 5
\BOOKMARK [3][-]{subsubsection.2.1.3}{\376\377\000S\000e\000r\000v\000o\000s}{subsection.2.1}% 6
\BOOKMARK [3][-]{subsubsection.2.1.4}{\376\377\000S\000e\000r\000i\000a\000l\000\040\000c\000o\000m\000m\000u\000n\000i\000c\000a\000t\000i\000o\000n}{subsection.2.1}% 7
\BOOKMARK [2][-]{subsection.2.2}{\376\377\000B\000a\000l\000l\000\040\000d\000e\000t\000e\000c\000t\000i\000o\000n}{section.2}% 8
\BOOKMARK [3][-]{subsubsection.2.2.1}{\376\377\000I\000m\000a\000g\000e\000\040\000a\000c\000q\000u\000i\000s\000i\000t\000i\000o\000n}{subsection.2.2}% 9
\BOOKMARK [3][-]{subsubsection.2.2.2}{\376\377\000D\000e\000s\000c\000r\000i\000p\000t\000i\000o\000n\000\040\000o\000f\000\040\000o\000u\000r\000\040\000i\000m\000a\000g\000e\000\040\000r\000e\000c\000o\000g\000n\000i\000t\000i\000o\000n\000\040\000s\000y\000s\000t\000e\000m}{subsection.2.2}% 10
\BOOKMARK [3][-]{subsubsection.2.2.3}{\376\377\000T\000h\000e\000\040\000B\000l\000o\000b\000\040\000A\000n\000a\000l\000y\000s\000i\000s\000\040\000f\000u\000n\000c\000t\000i\000o\000n}{subsection.2.2}% 11
\BOOKMARK [3][-]{subsubsection.2.2.4}{\376\377\000U\000s\000e\000r\000\040\000i\000n\000t\000e\000r\000f\000a\000c\000e}{subsection.2.2}% 12
\BOOKMARK [2][-]{subsection.2.3}{\376\377\000S\000y\000s\000t\000e\000m\000\040\000m\000o\000d\000e\000l\000i\000n\000g}{section.2}% 13
\BOOKMARK [3][-]{subsubsection.2.3.1}{\376\377\000M\000a\000t\000h\000e\000m\000a\000t\000i\000c\000s\000\040\000m\000o\000d\000e\000l\000i\000n\000g}{subsection.2.3}% 14
\BOOKMARK [3][-]{subsubsection.2.3.2}{\376\377\000D\000i\000g\000i\000t\000a\000l\000\040\000t\000w\000i\000n\000\040\000m\000o\000d\000e\000l\000i\000n\000g}{subsection.2.3}% 15
\BOOKMARK [2][-]{subsection.2.4}{\376\377\000C\000o\000n\000t\000r\000o\000l\000l\000e\000r}{section.2}% 16
\BOOKMARK [1][-]{section.3}{\376\377\000R\000e\000s\000u\000l\000t\000s}{}% 17
\BOOKMARK [2][-]{subsection.3.1}{\376\377\000H\000a\000r\000d\000w\000a\000r\000e}{section.3}% 18
\BOOKMARK [3][-]{subsubsection.3.1.1}{\376\377\000A\000r\000d\000u\000i\000n\000o\000\040\000U\000n\000o\000\040\000a\000n\000d\000\040\000E\000x\000t\000e\000r\000n\000a\000l\000\040\000P\000o\000w\000e\000r\000\040\000S\000u\000p\000p\000l\000y}{subsection.3.1}% 19
\BOOKMARK [3][-]{subsubsection.3.1.2}{\376\377\000S\000e\000r\000v\000o\000\040\000c\000o\000n\000t\000r\000o\000l}{subsection.3.1}% 20
\BOOKMARK [3][-]{subsubsection.3.1.3}{\376\377\000S\000e\000r\000i\000a\000l\000\040\000C\000o\000m\000m\000u\000n\000i\000c\000a\000t\000i\000o\000n}{subsection.3.1}% 21
\BOOKMARK [2][-]{subsection.3.2}{\376\377\000B\000a\000l\000l\000\040\000d\000e\000t\000e\000c\000t\000i\000o\000n}{section.3}% 22
\BOOKMARK [2][-]{subsection.3.3}{\376\377\000S\000i\000m\000s\000c\000a\000p\000e\000\040\000m\000o\000d\000e\000l}{section.3}% 23
\BOOKMARK [2][-]{subsection.3.4}{\376\377\000C\000o\000n\000t\000r\000o\000l\000l\000e\000r}{section.3}% 24
\BOOKMARK [1][-]{section.4}{\376\377\000D\000i\000s\000c\000u\000s\000s\000i\000o\000n}{}% 25
\BOOKMARK [2][-]{subsection.4.1}{\376\377\000H\000a\000r\000d\000w\000a\000r\000e\000\040\000o\000p\000e\000r\000a\000t\000i\000o\000n}{section.4}% 26
\BOOKMARK [2][-]{subsection.4.2}{\376\377\000B\000a\000l\000l\000\040\000d\000e\000t\000e\000c\000t\000i\000o\000n\000\040\000a\000l\000g\000o\000r\000i\000t\000h\000m}{section.4}% 27
\BOOKMARK [2][-]{subsection.4.3}{\376\377\000D\000i\000g\000i\000t\000a\000l\000\040\000t\000w\000i\000n\000\040\000m\000o\000d\000e\000l}{section.4}% 28
\BOOKMARK [1][-]{section.5}{\376\377\000C\000o\000n\000c\000l\000u\000s\000i\000o\000n}{}% 29
